<?xml version="1.0" ?>
<coverage line-rate="0.8" branch-rate="0.75" lines-covered="80" lines-valid="100" branches-covered="30" branches-valid="40" complexity="0" version="0.1" timestamp="0">
  <packages>
    <package name="src" line-rate="0.8" branch-rate="0.75" complexity="0">
      <classes>
        <class name="a" filename="src/a.js" line-rate="0.8" branch-rate="0.75" complexity="0">
          <methods>
            <method name="f" signature="()V" line-rate="1.0" branch-rate="1.0">
              <lines>
                <line number="1" hits="5"/>
              </lines>
            </method>
            <method name="g" signature="()V" line-rate="0.0" branch-rate="0.0">
              <lines>
                <line number="2" hits="0"/>
              </lines>
            </method>
          </methods>
          <lines>
            <line number="1" hits="5"/>
            <line number="2" hits="0"/>
          </lines>
        </class>
      </classes>
    </package>
  </packages>
</coverage>
