{
  "/repo/src/a.js": {
    "path": "/repo/src/a.js",
    "statementMap": {
      "0": { "start": { "line": 1, "column": 0 }, "end": { "line": 1, "column": 10 } },
      "1": { "start": { "line": 2, "column": 0 }, "end": { "line": 2, "column": 10 } },
      "2": { "start": { "line": 3, "column": 0 }, "end": { "line": 3, "column": 10 } },
      "3": { "start": { "line": 3, "column": 11 }, "end": { "line": 3, "column": 20 } }
    },
    "fnMap": {
      "0": { "name": "f", "decl": { "start": { "line": 1, "column": 0 }, "end": { "line": 1, "column": 1 } }, "loc": { "start": { "line": 1, "column": 0 }, "end": { "line": 1, "column": 1 } }, "line": 1 },
      "1": { "name": "g", "decl": { "start": { "line": 2, "column": 0 }, "end": { "line": 2, "column": 1 } }, "loc": { "start": { "line": 2, "column": 0 }, "end": { "line": 2, "column": 1 } }, "line": 2 }
    },
    "branchMap": {
      "0": { "loc": { "start": { "line": 1, "column": 0 }, "end": { "line": 1, "column": 1 } }, "type": "if", "locations": [], "line": 1 }
    },
    "s": { "0": 5, "1": 0, "2": 1, "3": 0 },
    "f": { "0": 3, "1": 0 },
    "b": { "0": [2, 0] }
  },
  "/repo/src/b.js": {
    "path": "/repo/src/b.js",
    "statementMap": {
      "0": { "start": { "line": 1, "column": 0 }, "end": { "line": 1, "column": 10 } }
    },
    "fnMap": {},
    "branchMap": {},
    "s": { "0": 1 },
    "f": {},
    "b": {}
  }
}
